2026-07-08 22:11:18	U003987	P00199	click	美妆	236
2026-07-15 06:46:01	U003948	P00042	favorite	服装	107
2026-07-14 12:38:23	U006664	P00445	click	服装	34
2026-07-15 00:09:57	U008461	P00052	view	美妆	202
2026-07-08 12:22:57	U008370	P00003	cart	美妆	44
2026-07-09 15:35:43	U004151	P00498	cart	数码	152
2026-07-15 09:50:26	U003565	P00038	view	电子产品	144
2026-07-10 02:39:23	U007405	P00471	view	电子产品	224
2026-07-10 18:37:38	U005280	手机	search	数码	256
2026-07-14 11:30:30	U009975	P00062	click	家居	26
2026-07-14 19:05:42	U004139	P00237	click	电子产品	201
2026-07-08 20:37:12	U006425	P00330	click	电子产品	239
2026-07-10 05:18:37	U009398	P00242	click	美妆	282
2026-07-10 21:39:38	U007048	P00056	purchase	数码	102
2026-07-12 02:36:23	U005459	P00465	favorite	运动	69
2026-07-13 00:46:51	U008694	P00012	view	服装	61
2026-07-10 05:21:43	U009964	零食	search	服装	16
2026-07-11 19:00:51	U006763	P00057	view	数码	165
2026-07-14 00:19:52	U005928	P00242	view	美妆	177
2026-07-14 00:42:07	U002044	手机	search	食品	161
2026-07-11 06:45:04	U008687	充电宝	search	电子产品	87
2026-07-15 01:45:18	U009346	P00175	click	数码	237
2026-07-14 00:56:24	U005698	P00196	view	图书	261
2026-07-09 15:39:33	U008858	P00381	view	电子产品	129
2026-07-09 22:11:56	U004909	P00044	view	数码	286
2026-07-08 15:28:50	U001908	P00060	favorite	图书	41
2026-07-12 05:09:23	U009741	P00380	purchase	电子产品	61
2026-07-11 20:49:41	U002214	P00025	click	电子产品	66
2026-07-11 15:34:50	U002793	P00194	view	美妆	175
2026-07-13 01:12:23	U006732	P00012	click	家居	94
2026-07-10 12:52:32	U005224	P00225	view	家居	7
2026-07-11 12:34:13	U000537	P00451	view	电子产品	220
2026-07-10 17:18:40	U007736	P00478	view	运动	246
2026-07-08 11:19:35	U004545	P00035	cart	食品	4
2026-07-14 10:23:38	U006538	笔记本	search	电子产品	53
2026-07-11 19:22:56	U005495	P00001	favorite	食品	93
2026-07-09 22:09:47	U008859	P00321	view	家居	48
2026-07-13 08:19:05	U004569	P00114	click	电子产品	269
2026-07-11 02:47:42	U002837	P00449	click	美妆	43
2026-07-11 21:30:49	U009395	P00239	click	电子产品	11
2026-07-10 10:05:33	U003267	充电宝	search	美妆	116
2026-07-08 17:35:31	U003374	P00342	click	家居	32
2026-07-10 12:11:53	U007376	P00023	click	服装	146
2026-07-09 21:58:30	U004901	P00142	click	运动	199
2026-07-14 10:37:59	U001748	P00482	click	美妆	94
2026-07-13 03:06:05	U004780	运动鞋	search	食品	62
2026-07-09 22:43:40	U009311	P00090	click	数码	269
2026-07-14 11:28:57	U008073	P00388	view	美妆	283
2026-07-09 22:53:03	U001623	连衣裙	search	美妆	148
2026-07-11 07:46:46	U001152	P00045	purchase	运动	165
2026-07-12 12:19:04	U003999	P00421	click	图书	10
2026-07-09 01:13:43	U007643	P00292	view	美妆	4
2026-07-14 01:47:29	U002997	P00097	view	运动	218
2026-07-11 02:30:21	U002429	P00190	view	食品	263
2026-07-13 09:35:35	U003478	P00090	purchase	电子产品	17
2026-07-12 14:11:51	U001640	连衣裙	search	数码	202
2026-07-09 22:41:39	U004075	P00378	click	美妆	203
2026-07-12 23:29:44	U009693	P00429	cart	电子产品	101
2026-07-13 22:57:43	U004407	运动鞋	search	电子产品	126
2026-07-08 12:01:18	U006949	P00150	view	服装	163
2026-07-12 16:02:28	U006898	耳机	search	电子产品	4
2026-07-09 16:37:41	U007654	P00482	cart	数码	231
2026-07-13 14:01:19	U007594	零食	search	服装	171
2026-07-11 06:31:13	U008960	连衣裙	search	图书	203
2026-07-10 13:56:08	U003428	P00070	view	电子产品	105
2026-07-12 09:49:44	U006214	笔记本	search	服装	230
2026-07-12 11:22:30	U003069	P00050	click	数码	295
2026-07-13 23:19:13	U007829	P00414	click	图书	20
2026-07-12 09:18:38	U007510	笔记本	search	食品	106
2026-07-12 09:48:20	U006151	充电宝	search	美妆	192
2026-07-11 00:34:31	U006002	零食	search	电子产品	277
2026-07-13 20:12:19	U008761	P00307	favorite	电子产品	190
2026-07-09 16:54:57	U006515	P00466	view	家居	138
2026-07-13 07:36:11	U003298	P00157	view	运动	128
2026-07-12 10:03:19	U007913	P00306	cart	电子产品	85
2026-07-13 16:06:44	U007366	零食	search	家居	280
2026-07-13 23:24:36	U002334	P00394	view	电子产品	53
2026-07-08 19:37:08	U009162	P00036	view	家居	218
2026-07-12 14:57:32	U006132	P00007	click	图书	272
2026-07-09 04:25:39	U004277	P00361	cart	服装	277
2026-07-12 18:34:01	U001844	P00256	view	运动	40
2026-07-11 14:28:36	U003557	瑜伽垫	search	图书	235
2026-07-12 08:21:51	U005141	P00487	view	图书	80
2026-07-10 09:31:04	U002709	小说	search	图书	234
2026-07-14 21:48:53	U008850	P00163	click	家居	284
2026-07-13 17:39:56	U002298	T恤	search	电子产品	7
2026-07-08 22:21:03	U008793	P00303	click	图书	166
2026-07-11 05:32:40	U008261	P00164	view	家居	57
2026-07-10 11:40:13	U006786	P00353	cart	运动	119
2026-07-12 21:38:39	U005082	P00246	favorite	服装	62
2026-07-09 13:48:50	U008012	P00170	view	美妆	232
2026-07-14 10:49:19	U004642	P00018	favorite	家居	76
2026-07-09 11:47:19	U005602	P00105	view	数码	176
2026-07-11 14:57:38	U004478	P00010	click	美妆	90
2026-07-11 21:11:32	U003001	P00025	cart	服装	40
2026-07-13 17:24:35	U002688	P00005	click	服装	94
2026-07-09 21:28:24	U004450	P00434	view	服装	294
2026-07-10 19:44:29	U000958	P00013	view	电子产品	218
2026-07-13 06:34:57	U001491	P00035	favorite	数码	218
2026-07-10 12:44:32	U005751	P00479	view	家居	106
2026-07-09 15:46:06	U003068	P00081	view	运动	291
2026-07-10 02:00:41	U009754	P00184	view	家居	286
2026-07-14 07:58:28	U001381	P00253	view	数码	261
2026-07-10 23:05:53	U008885	P00002	purchase	服装	30
2026-07-15 01:42:30	U000003	P00448	view	食品	66
2026-07-09 08:22:55	U003514	P00300	view	电子产品	54
2026-07-13 09:02:10	U005072	T恤	search	数码	87
2026-07-10 06:03:57	U009164	P00462	click	美妆	160
2026-07-10 00:59:17	U001554	P00052	click	数码	73
2026-07-14 22:41:29	U006282	P00016	click	服装	82
2026-07-12 21:23:43	U002589	面膜	search	图书	160
2026-07-10 12:01:54	U009753	P00311	view	食品	16
2026-07-11 07:01:32	U001150	P00238	click	家居	136
2026-07-10 23:19:23	U003097	P00031	view	图书	270
2026-07-11 22:08:00	U002266	P00252	click	运动	158
2026-07-09 08:27:13	U006017	P00088	click	服装	69
2026-07-10 09:21:22	U003345	P00080	click	美妆	299
2026-07-10 21:10:37	U008178	P00010	cart	服装	22
2026-07-11 11:29:11	U009397	P00405	click	图书	83
2026-07-13 05:23:05	U005037	P00288	view	家居	27
2026-07-13 13:18:07	U002544	P00057	view	运动	170
2026-07-13 22:41:17	U001325	P00083	cart	食品	167
2026-07-09 09:37:28	U000756	P00094	view	图书	53
2026-07-13 19:35:14	U005461	笔记本	search	家居	95
2026-07-11 20:05:37	U005740	P00001	view	图书	111
2026-07-09 20:35:10	U005204	P00008	view	数码	100
2026-07-08 18:06:46	U002659	P00013	view	数码	22
2026-07-11 08:24:55	U008837	P00048	click	电子产品	195
2026-07-11 21:14:05	U005683	P00414	click	服装	291
2026-07-11 04:08:21	U003609	P00066	favorite	数码	91
2026-07-09 15:25:17	U005846	P00062	view	运动	184
2026-07-11 22:33:43	U008620	P00011	click	家居	170
2026-07-12 10:12:09	U009792	P00402	click	运动	182
2026-07-15 00:22:27	U003138	P00228	view	服装	204
2026-07-12 08:34:13	U003552	P00180	view	家居	21
2026-07-09 13:40:15	U007872	P00376	view	美妆	256
2026-07-09 06:06:25	U009720	P00016	cart	运动	25
2026-07-12 11:47:40	U003456	小说	search	服装	3
2026-07-08 17:03:55	U006127	P00033	favorite	数码	42
2026-07-11 04:58:24	U006955	P00027	click	电子产品	58
2026-07-11 07:07:14	U007962	P00103	click	家居	43
2026-07-15 01:57:25	U006522	P00395	view	家居	294
2026-07-08 17:29:21	U007304	P00416	view	美妆	281
2026-07-15 03:39:58	U000353	瑜伽垫	search	家居	117
2026-07-13 01:31:56	U001677	P00226	click	服装	148
2026-07-12 02:22:25	U006035	P00075	click	图书	231
2026-07-09 02:10:12	U000105	零食	search	家居	49
2026-07-08 20:58:35	U005325	笔记本	search	美妆	64
2026-07-13 12:16:12	U006065	P00009	cart	美妆	297
2026-07-10 14:49:21	U002659	P00448	view	图书	220
2026-07-11 08:09:14	U004327	P00219	view	服装	114
2026-07-11 18:41:12	U001923	P00030	view	美妆	192
2026-07-08 19:24:13	U008050	P00129	view	美妆	123
2026-07-08 19:26:03	U000223	P00023	view	食品	41
2026-07-09 18:20:02	U006729	P00004	view	家居	300
2026-07-14 22:29:50	U006888	P00483	view	数码	227
2026-07-11 14:59:47	U006950	P00322	click	数码	90
2026-07-14 22:40:08	U003984	P00227	cart	美妆	202
2026-07-12 06:28:17	U003130	P00331	view	美妆	268
2026-07-11 02:55:44	U005743	P00112	purchase	美妆	268
2026-07-11 06:58:17	U000199	P00343	cart	服装	38
2026-07-11 18:11:33	U007656	P00031	favorite	数码	172
2026-07-14 12:24:44	U008959	P00009	click	服装	39
2026-07-09 12:58:41	U004655	小说	search	美妆	135
2026-07-09 12:23:30	U009403	P00077	view	家居	278
2026-07-11 01:07:50	U002438	P00337	click	食品	190
2026-07-11 04:05:15	U001269	P00103	click	美妆	70
2026-07-11 03:30:30	U001228	P00422	click	数码	211
2026-07-10 15:10:32	U003843	P00106	view	服装	156
2026-07-10 11:18:08	U003537	P00210	click	食品	287
2026-07-14 12:55:56	U008494	P00208	purchase	家居	286
2026-07-14 22:10:55	U005840	P00291	view	家居	199
2026-07-09 02:52:45	U000618	P00129	click	服装	116
2026-07-09 17:54:09	U009667	P00086	click	数码	152
2026-07-13 10:53:31	U005356	P00466	cart	美妆	153
2026-07-09 02:39:20	U007882	P00308	click	图书	44
2026-07-12 15:25:50	U001908	P00296	click	运动	243
2026-07-12 00:16:54	U002833	P00182	view	电子产品	9
2026-07-13 14:38:36	U005340	P00185	view	美妆	293
2026-07-12 14:34:42	U003253	P00070	click	运动	136
2026-07-13 07:23:34	U003995	P00003	view	服装	153
2026-07-09 13:18:07	U001304	P00044	click	图书	295
2026-07-12 19:12:49	U009781	P00463	view	食品	240
2026-07-08 12:54:34	U006929	P00007	view	运动	256
2026-07-14 20:37:03	U005140	P00255	view	服装	90
2026-07-12 09:08:31	U009849	P00002	cart	图书	152
2026-07-08 23:21:46	U005807	P00021	favorite	食品	232
2026-07-09 00:03:01	U002190	P00495	purchase	美妆	225
2026-07-10 02:25:01	U001741	P00023	view	食品	29
2026-07-08 19:56:37	U005821	P00002	click	运动	64
2026-07-11 00:19:39	U006552	P00011	click	服装	55
2026-07-10 19:50:49	U007219	P00259	view	图书	197
2026-07-11 04:37:53	U005700	P00312	click	服装	79
2026-07-10 11:31:23	U000201	P00027	click	数码	219
2026-07-14 00:58:13	U002356	P00064	click	电子产品	248
2026-07-10 10:51:05	U009435	P00028	click	家居	113
2026-07-12 23:29:55	U005128	台灯	search	数码	275
2026-07-09 20:59:54	U005442	台灯	search	图书	150
2026-07-10 17:07:55	U007861	P00024	purchase	电子产品	233
2026-07-15 03:20:32	U001739	P00215	favorite	图书	263
2026-07-14 18:38:47	U006523	P00425	view	服装	193
2026-07-12 14:44:10	U002177	手机	search	电子产品	86
2026-07-11 18:00:37	U004658	P00193	click	数码	275
2026-07-13 12:56:23	U004497	P00087	view	美妆	129
2026-07-13 14:44:43	U007515	P00001	cart	电子产品	176
2026-07-12 05:37:03	U010000	P00011	purchase	美妆	169
2026-07-09 01:45:32	U002049	P00264	favorite	电子产品	272
2026-07-11 15:52:06	U007614	笔记本	search	电子产品	80
2026-07-10 19:57:40	U004895	P00055	cart	美妆	136
2026-07-09 08:31:17	U001299	笔记本	search	美妆	141
2026-07-13 05:08:34	U008411	P00008	click	食品	92
2026-07-14 02:55:16	U008244	P00094	click	美妆	54
2026-07-12 01:29:00	U001939	P00172	view	图书	141
2026-07-11 19:00:51	U000099	P00011	view	美妆	245
2026-07-11 16:01:27	U007175	P00299	click	家居	254
2026-07-11 19:20:17	U008458	P00267	cart	运动	283
2026-07-09 13:06:33	U000110	耳机	search	图书	37
2026-07-10 12:06:27	U004016	P00003	favorite	数码	70
2026-07-11 13:29:18	U008686	P00132	view	家居	210
2026-07-08 20:23:02	U005331	P00001	click	电子产品	45
2026-07-14 11:00:58	U004967	P00006	click	服装	108
2026-07-11 00:21:06	U008117	P00010	view	美妆	187
2026-07-13 22:06:48	U009691	P00317	click	家居	235
2026-07-10 15:35:45	U005666	P00009	click	家居	58
2026-07-11 13:44:51	U007941	P00298	click	图书	12
2026-07-08 22:40:15	U006672	P00326	click	食品	250
2026-07-08 23:53:42	U001788	P00003	view	图书	269
2026-07-12 00:06:36	U001645	P00039	click	家居	94
2026-07-10 12:09:47	U005443	P00101	click	家居	202
2026-07-10 02:40:18	U002313	P00385	view	服装	141
2026-07-13 20:32:25	U008292	耳机	search	运动	76
2026-07-12 14:44:19	U005520	耳机	search	食品	152
2026-07-10 19:08:22	U002424	P00004	click	电子产品	169
2026-07-14 10:00:54	U001242	P00317	cart	食品	61
2026-07-12 15:20:32	U009614	P00424	click	数码	177
2026-07-14 16:49:56	U000352	P00225	cart	服装	102
2026-07-13 16:29:44	U008745	P00381	view	美妆	205
2026-07-14 23:13:41	U007721	P00234	view	数码	23
2026-07-09 11:58:43	U003456	P00068	cart	数码	241
2026-07-10 08:01:07	U006878	P00295	favorite	美妆	240
2026-07-14 16:40:21	U003650	P00101	view	电子产品	66
2026-07-13 16:29:46	U003138	P00010	click	服装	167
2026-07-14 06:59:24	U006646	P00119	click	食品	121
2026-07-14 18:47:00	U006162	P00009	view	电子产品	223
2026-07-15 04:58:05	U001282	P00257	favorite	运动	46
2026-07-10 03:14:46	U004751	P00026	favorite	服装	27
2026-07-14 11:22:42	U009108	P00123	view	服装	163
2026-07-10 05:12:20	U002694	连衣裙	search	数码	281
2026-07-10 18:05:44	U009674	P00082	view	服装	249
2026-07-13 22:41:02	U004985	P00351	view	运动	11
2026-07-08 22:46:26	U008232	P00134	cart	图书	40
2026-07-12 05:50:31	U002584	P00004	click	电子产品	241
2026-07-12 19:01:54	U009143	P00162	click	图书	179
2026-07-08 19:27:56	U005756	P00219	click	食品	85
2026-07-11 00:02:36	U001343	P00008	click	服装	204
2026-07-10 15:17:52	U000435	P00134	view	图书	110
2026-07-11 20:46:13	U002849	P00002	favorite	数码	258
2026-07-12 01:51:25	U005034	P00038	favorite	食品	264
2026-07-11 23:50:30	U002736	P00096	view	家居	58
2026-07-13 07:46:07	U008751	P00159	purchase	运动	46
2026-07-11 04:18:47	U002939	P00001	cart	数码	197
2026-07-11 03:53:39	U002858	P00006	cart	电子产品	91
2026-07-11 19:30:55	U009797	P00019	purchase	图书	198
2026-07-12 21:52:59	U005407	P00063	click	运动	151
2026-07-12 22:00:59	U007368	P00046	cart	食品	73
2026-07-13 14:55:00	U004784	P00156	click	图书	185
2026-07-12 05:57:04	U003062	P00415	view	服装	141
2026-07-12 19:56:43	U006328	P00021	click	电子产品	83
2026-07-12 03:56:22	U007840	T恤	search	数码	221
2026-07-13 18:14:44	U000533	P00217	favorite	数码	81
2026-07-11 11:33:00	U003936	P00112	view	美妆	226
2026-07-10 14:56:54	U008899	P00004	view	电子产品	212
2026-07-14 09:35:08	U005724	台灯	search	数码	134
2026-07-11 07:44:26	U000818	P00444	view	美妆	276
2026-07-13 17:11:04	U005753	P00001	purchase	食品	204
2026-07-09 00:06:48	U002475	P00152	view	图书	194
2026-07-08 11:51:36	U000786	P00489	view	图书	285
2026-07-12 17:57:27	U003727	笔记本	search	家居	198
2026-07-15 07:04:40	U006070	P00074	view	美妆	230
2026-07-09 12:19:24	U005821	P00089	click	电子产品	244
2026-07-13 23:45:56	U003085	P00022	view	电子产品	115
2026-07-11 07:55:45	U007829	P00001	click	图书	60
2026-07-14 14:21:20	U008187	P00415	view	食品	239
2026-07-13 19:24:36	U004647	P00027	view	电子产品	188
2026-07-08 19:09:41	U002948	T恤	search	图书	6
2026-07-12 23:36:05	U003767	P00016	view	食品	228
2026-07-13 17:50:41	U002837	P00204	purchase	家居	124
2026-07-12 13:09:22	U002668	P00354	cart	食品	254
2026-07-11 18:26:30	U003076	P00068	click	家居	137
2026-07-12 02:58:26	U002818	P00034	cart	电子产品	289
2026-07-10 11:24:56	U003855	P00170	click	服装	141
2026-07-11 10:20:35	U002547	P00342	click	食品	76
2026-07-09 01:08:37	U009904	P00006	view	电子产品	175
2026-07-13 07:03:22	U009458	P00212	cart	电子产品	141
2026-07-09 20:56:31	U002060	P00104	click	运动	263
2026-07-14 17:22:53	U002685	P00254	click	家居	54
2026-07-13 22:09:49	U004809	P00139	purchase	运动	152
2026-07-10 05:49:09	U004111	P00021	view	家居	291
2026-07-11 08:24:25	U008110	P00435	view	食品	290
2026-07-11 11:33:13	U004378	P00229	click	食品	290
2026-07-10 03:20:35	U005688	P00045	click	家居	73
2026-07-11 23:16:49	U007298	零食	search	数码	258
2026-07-09 15:02:02	U005414	P00003	cart	食品	241
2026-07-14 01:49:14	U005306	P00405	favorite	食品	269
2026-07-11 11:35:59	U009091	P00204	click	美妆	131
2026-07-09 04:19:12	U001548	P00116	cart	食品	180
2026-07-08 14:15:04	U007793	小说	search	服装	170
2026-07-12 00:00:09	U001167	小说	search	图书	182
2026-07-09 23:54:53	U001080	P00450	click	服装	185
2026-07-12 01:52:16	U005910	P00264	view	食品	64
2026-07-10 22:06:51	U006356	P00056	click	家居	42
2026-07-15 04:14:37	U002932	P00370	view	运动	243
2026-07-09 00:33:25	U001590	T恤	search	数码	95
2026-07-13 22:52:29	U000051	P00181	view	运动	238
2026-07-12 11:35:10	U003594	P00059	view	数码	124
2026-07-09 12:23:11	U005554	小说	search	电子产品	172
2026-07-10 10:30:14	U004820	P00107	click	食品	194
2026-07-15 06:11:53	U003188	P00297	purchase	家居	68
2026-07-09 06:50:19	U009346	P00047	click	运动	12
2026-07-13 00:57:04	U005627	P00034	click	美妆	26
2026-07-09 04:12:47	U009001	P00001	view	服装	77
2026-07-10 11:55:55	U002863	P00013	purchase	运动	85
2026-07-11 23:31:30	U000744	P00224	click	数码	156
2026-07-09 06:46:30	U004735	P00272	cart	数码	80
2026-07-10 11:55:09	U009791	P00001	cart	图书	163
2026-07-15 04:21:10	U001659	连衣裙	search	美妆	170
2026-07-14 20:57:20	U005853	P00209	click	家居	149
2026-07-12 05:45:54	U008042	笔记本	search	数码	134
2026-07-14 20:21:09	U002413	T恤	search	美妆	281
2026-07-11 03:05:55	U003624	P00055	purchase	数码	100
2026-07-14 23:21:02	U003930	P00001	view	服装	253
2026-07-12 15:57:02	U005356	笔记本	search	食品	91
2026-07-13 21:19:43	U009058	P00389	click	电子产品	236
2026-07-10 08:12:14	U002498	连衣裙	search	电子产品	161
2026-07-11 12:20:45	U009291	P00005	click	电子产品	279
2026-07-14 23:03:27	U004754	P00132	view	电子产品	7
2026-07-12 19:40:55	U006795	P00297	click	图书	139
2026-07-14 10:02:55	U005536	运动鞋	search	数码	252
2026-07-11 13:32:31	U002937	连衣裙	search	家居	179
2026-07-11 12:20:39	U000518	P00008	cart	食品	249
2026-07-12 00:15:37	U003188	P00191	favorite	图书	134
2026-07-13 00:23:35	U003456	P00241	purchase	运动	25
2026-07-09 05:01:00	U007826	P00156	view	服装	80
2026-07-13 01:46:16	U006176	面膜	search	家居	261
2026-07-14 04:59:10	U008892	P00007	favorite	食品	26
2026-07-14 10:40:48	U009136	P00472	click	数码	236
2026-07-11 17:57:27	U004415	P00359	view	数码	173
2026-07-14 23:48:49	U002091	P00041	view	食品	28
2026-07-09 00:59:13	U002329	P00392	view	家居	60
2026-07-12 18:54:36	U001425	瑜伽垫	search	电子产品	22
2026-07-08 17:02:29	U009652	笔记本	search	美妆	182
2026-07-09 08:09:03	U003097	P00114	view	图书	123
2026-07-11 08:22:03	U003061	耳机	search	食品	123
2026-07-14 08:28:53	U005069	P00268	view	食品	140
2026-07-09 20:58:39	U003483	P00146	click	食品	218
2026-07-10 11:26:22	U001537	P00096	view	数码	283
2026-07-14 11:22:04	U007357	P00082	click	运动	157
2026-07-09 04:27:56	U006870	P00252	favorite	家居	215
2026-07-10 08:03:35	U002332	P00025	view	服装	27
2026-07-11 22:44:30	U006587	T恤	search	图书	264
2026-07-10 09:44:48	U007478	P00495	view	图书	122
2026-07-10 16:12:54	U002440	台灯	search	图书	232
2026-07-14 18:11:02	U006302	P00228	view	食品	179
2026-07-13 12:03:34	U008111	P00140	cart	电子产品	239
2026-07-09 06:18:41	U008823	P00336	click	图书	118
2026-07-09 19:34:27	U004778	P00155	view	电子产品	266
2026-07-13 18:34:07	U002506	手机	search	图书	184
2026-07-14 07:11:39	U000450	瑜伽垫	search	电子产品	178
2026-07-14 05:15:30	U005236	P00123	view	服装	87
2026-07-12 15:06:06	U004045	充电宝	search	电子产品	21
2026-07-14 07:26:44	U009652	P00385	click	家居	235
2026-07-09 09:52:12	U005996	P00051	click	图书	179
2026-07-10 05:24:46	U004010	P00396	view	电子产品	205
2026-07-11 11:22:16	U003258	P00460	click	服装	172
2026-07-14 17:11:06	U003453	P00068	click	电子产品	124
2026-07-15 02:48:45	U003097	P00423	click	食品	182
2026-07-09 17:19:42	U005044	P00006	view	服装	133
2026-07-14 07:27:26	U009972	运动鞋	search	图书	62
2026-07-14 03:05:46	U009865	P00100	view	服装	169
2026-07-08 22:04:02	U006086	P00067	cart	美妆	22
2026-07-15 07:57:33	U007662	P00063	click	图书	34
2026-07-10 04:34:42	U002969	运动鞋	search	图书	33
2026-07-10 21:11:37	U001832	P00010	cart	运动	151
2026-07-10 21:06:03	U004362	P00273	purchase	家居	4
2026-07-12 08:41:41	U001542	P00188	purchase	运动	277
2026-07-11 05:30:44	U007789	P00399	view	家居	80
2026-07-13 17:48:26	U000776	P00107	click	服装	204
2026-07-11 10:43:59	U004600	P00460	click	运动	44
2026-07-13 12:07:40	U008247	P00377	view	美妆	111
2026-07-13 09:31:10	U005378	P00323	view	食品	187
2026-07-15 08:54:07	U002645	P00203	cart	服装	183
2026-07-11 16:15:58	U004069	小说	search	电子产品	15
2026-07-12 15:03:44	U003191	P00101	click	图书	213
2026-07-11 12:41:36	U005102	P00039	click	美妆	11
2026-07-14 18:50:59	U009150	P00146	view	图书	288
2026-07-11 15:34:54	U007747	P00012	favorite	食品	180
2026-07-15 00:03:37	U009125	面膜	search	电子产品	200
2026-07-09 16:36:55	U007554	P00151	view	数码	182
2026-07-12 05:31:40	U002109	零食	search	服装	178
2026-07-12 00:10:52	U001552	P00302	view	家居	5
2026-07-13 02:22:39	U010000	P00430	cart	家居	295
2026-07-09 01:39:31	U006823	P00104	view	数码	264
2026-07-08 17:22:17	U003906	P00001	view	服装	67
2026-07-10 06:48:11	U002943	P00107	view	服装	291
2026-07-09 06:01:03	U009229	P00243	favorite	食品	274
2026-07-08 14:42:21	U009450	P00018	favorite	家居	211
2026-07-08 19:19:31	U004406	P00024	click	食品	36
2026-07-12 03:22:16	U001702	P00248	view	运动	296
2026-07-14 13:28:17	U009024	P00421	view	运动	222
2026-07-13 08:14:34	U005498	P00054	click	图书	115
2026-07-14 15:18:11	U005141	P00020	click	食品	250
2026-07-09 08:46:24	U002635	P00263	favorite	运动	284
2026-07-12 19:42:49	U001676	笔记本	search	图书	130
2026-07-13 19:15:02	U007695	P00388	view	美妆	1
2026-07-10 19:31:39	U000354	P00017	cart	数码	141
2026-07-09 19:09:27	U009113	P00464	cart	服装	98
2026-07-08 11:56:05	U005562	P00299	click	运动	82
2026-07-14 22:14:27	U005611	P00417	click	服装	247
2026-07-13 03:58:40	U005274	P00493	view	家居	155
2026-07-09 23:13:40	U009859	小说	search	服装	148
2026-07-12 23:48:30	U005506	P00494	purchase	美妆	189
2026-07-12 05:51:26	U000383	P00230	view	食品	178
2026-07-08 22:32:01	U005432	P00001	view	服装	42
2026-07-10 13:33:03	U008201	P00011	click	美妆	236
2026-07-09 12:28:33	U002145	小说	search	图书	110
2026-07-15 03:06:17	U003913	P00260	view	食品	122
2026-07-09 19:27:17	U009227	耳机	search	数码	206
2026-07-13 16:52:15	U003670	P00351	purchase	运动	273
2026-07-15 08:55:45	U000730	连衣裙	search	图书	236
2026-07-11 14:39:13	U000645	零食	search	电子产品	285
2026-07-09 19:49:27	U006861	P00126	click	服装	25
2026-07-09 09:38:54	U006513	P00119	click	美妆	97
2026-07-10 10:08:55	U009620	瑜伽垫	search	家居	95
2026-07-09 00:56:30	U009148	P00131	cart	食品	235
2026-07-11 09:01:41	U008382	P00205	click	美妆	203
2026-07-13 17:12:59	U008237	P00192	view	电子产品	46
2026-07-12 09:19:44	U001714	P00043	view	数码	226
2026-07-09 22:38:02	U003242	充电宝	search	运动	36
2026-07-10 18:57:55	U006843	零食	search	数码	106
2026-07-10 03:39:20	U004635	P00058	cart	运动	145
2026-07-11 03:57:14	U009474	运动鞋	search	电子产品	76
2026-07-09 12:26:47	U008183	耳机	search	数码	213
2026-07-14 14:25:16	U007913	P00252	purchase	图书	293
2026-07-15 03:50:43	U008088	P00004	favorite	电子产品	96
2026-07-14 00:13:17	U008494	P00113	view	家居	25
2026-07-12 16:08:49	U006449	P00141	favorite	食品	153
2026-07-14 15:55:07	U002312	P00131	cart	家居	162
2026-07-11 21:55:37	U005081	P00263	click	运动	60
2026-07-08 17:27:16	U001197	P00175	favorite	运动	289
2026-07-12 19:00:59	U007418	耳机	search	图书	41
2026-07-10 21:02:47	U001047	P00002	click	数码	131
2026-07-09 20:07:26	U001216	P00040	view	家居	297
2026-07-10 10:43:11	U003112	笔记本	search	运动	252
2026-07-13 03:59:55	U007375	P00397	click	运动	109
2026-07-12 03:13:48	U003252	P00078	cart	运动	237
2026-07-10 22:25:18	U008513	P00140	view	家居	126
2026-07-14 04:33:51	U003944	零食	search	数码	259
2026-07-09 12:56:16	U006704	P00183	view	食品	119
2026-07-09 05:17:54	U008021	P00167	favorite	运动	117
2026-07-15 08:23:53	U005832	小说	search	运动	145
2026-07-13 14:31:18	U006583	P00212	click	食品	85
2026-07-08 22:38:30	U007373	P00492	cart	食品	181
2026-07-14 19:48:12	U000496	P00135	click	数码	300
2026-07-09 21:54:37	U002166	连衣裙	search	家居	218
2026-07-11 13:19:51	U003368	P00028	view	数码	237
2026-07-11 16:37:26	U005783	小说	search	数码	264
2026-07-11 21:15:10	U004906	T恤	search	图书	121
2026-07-12 18:41:21	U008641	P00012	purchase	美妆	52
2026-07-10 21:34:41	U007298	P00077	cart	电子产品	43
2026-07-12 10:14:05	U005168	P00396	favorite	运动	183
2026-07-15 05:23:37	U008891	P00276	click	家居	14
2026-07-10 11:59:46	U008046	P00325	purchase	电子产品	58
2026-07-13 17:42:59	U004345	P00133	click	家居	215
2026-07-10 13:48:04	U007395	连衣裙	search	数码	82
2026-07-10 17:14:11	U008347	面膜	search	运动	22
2026-07-11 11:36:29	U006123	台灯	search	图书	118
2026-07-11 18:36:02	U004290	T恤	search	运动	183
2026-07-08 23:54:03	U002305	P00427	cart	美妆	29
2026-07-14 18:53:52	U000376	P00331	click	家居	218
2026-07-10 14:31:57	U009753	运动鞋	search	服装	244
2026-07-14 00:32:36	U004755	P00312	cart	家居	213
2026-07-09 18:19:54	U007825	P00395	purchase	食品	291
2026-07-09 16:14:51	U002306	P00282	click	家居	85
2026-07-09 04:26:06	U004779	P00256	click	数码	260
2026-07-10 02:29:10	U007021	P00044	view	美妆	142
2026-07-11 08:46:01	U007888	P00162	view	数码	281
2026-07-12 00:42:46	U000798	P00009	view	运动	180
2026-07-11 10:59:16	U000817	P00082	view	美妆	153
2026-07-15 02:40:28	U007935	T恤	search	运动	221
2026-07-09 14:55:47	U003479	P00178	click	图书	51
2026-07-09 10:16:16	U001514	充电宝	search	服装	48
2026-07-14 19:57:58	U001428	P00151	view	数码	201
2026-07-12 16:30:15	U001705	P00483	purchase	家居	126
2026-07-14 01:10:22	U001843	P00438	click	图书	115
2026-07-10 07:52:58	U005955	台灯	search	图书	7
2026-07-15 07:15:08	U007475	P00005	cart	图书	56
2026-07-11 05:36:58	U000881	P00021	click	食品	51
2026-07-11 17:30:56	U004449	P00236	favorite	数码	59
2026-07-13 11:09:05	U009806	笔记本	search	家居	23
2026-07-11 05:01:07	U002910	P00068	view	服装	127
2026-07-09 03:21:29	U009810	P00016	view	食品	182
2026-07-15 01:42:54	U008576	P00405	view	服装	151
2026-07-14 03:05:15	U006880	P00204	view	服装	177
2026-07-10 08:43:32	U002332	面膜	search	数码	63
2026-07-13 00:28:20	U000090	P00225	cart	图书	15
2026-07-11 07:40:00	U005069	充电宝	search	美妆	240
2026-07-13 20:59:09	U007137	P00247	view	运动	299
2026-07-08 21:41:32	U001746	P00008	cart	美妆	177
2026-07-14 08:57:10	U009201	P00036	view	运动	79
2026-07-08 14:23:58	U002528	P00052	cart	数码	139
2026-07-10 02:28:20	U005132	P00306	view	服装	64
2026-07-09 02:42:40	U003522	面膜	search	服装	41
2026-07-13 13:14:55	U003866	P00445	cart	食品	83
2026-07-10 13:26:48	U008777	P00036	cart	图书	125
2026-07-10 01:12:32	U001358	P00263	click	图书	136
2026-07-14 06:46:12	U003259	P00328	view	图书	65
2026-07-10 20:13:45	U009451	耳机	search	服装	94
2026-07-08 21:01:05	U001786	P00035	purchase	美妆	210
2026-07-09 08:58:33	U009455	笔记本	search	数码	143
2026-07-12 12:17:16	U000093	P00292	click	运动	51
2026-07-13 07:04:10	U003493	P00032	view	服装	149
2026-07-14 20:21:42	U001805	P00003	view	运动	49
2026-07-12 03:19:51	U003617	P00009	cart	家居	130
2026-07-10 06:48:31	U000910	台灯	search	运动	13
2026-07-10 08:42:54	U009356	面膜	search	美妆	112
2026-07-11 16:50:42	U003503	P00010	view	图书	33
2026-07-10 07:00:08	U001415	P00085	favorite	数码	123
2026-07-10 17:38:26	U004226	瑜伽垫	search	服装	182
2026-07-10 23:35:22	U004980	P00006	click	电子产品	237
2026-07-11 08:38:07	U002577	P00185	view	家居	220
2026-07-12 16:20:02	U002611	P00092	view	服装	277
2026-07-12 05:38:27	U005128	P00403	view	服装	222
2026-07-11 13:53:48	U000370	P00122	favorite	图书	209
2026-07-13 05:13:38	U006997	P00285	click	数码	46
2026-07-15 07:50:24	U000660	P00002	view	电子产品	28
2026-07-14 05:43:39	U009538	P00131	click	运动	46
2026-07-11 16:28:45	U006253	P00250	click	数码	44
2026-07-10 17:08:40	U001499	P00006	view	食品	94
2026-07-11 07:00:51	U001017	P00021	cart	数码	189
2026-07-15 10:30:37	U003387	P00143	view	食品	198
2026-07-13 21:29:11	U001961	P00191	view	图书	152
2026-07-10 14:11:19	U004886	运动鞋	search	运动	36
2026-07-13 16:59:37	U009400	P00033	cart	图书	145
2026-07-13 08:06:22	U004166	P00056	click	服装	182
2026-07-11 07:46:38	U005623	P00468	purchase	数码	207
2026-07-11 16:42:19	U004654	P00197	cart	家居	249
2026-07-13 14:37:30	U004009	P00069	view	美妆	36
2026-07-12 17:54:16	U003251	P00388	click	运动	251
2026-07-13 12:41:17	U000047	零食	search	家居	113
2026-07-14 18:39:54	U006820	面膜	search	美妆	26
2026-07-09 21:08:37	U001441	连衣裙	search	美妆	275
2026-07-08 17:31:28	U009101	P00004	purchase	食品	104
2026-07-11 02:22:49	U002125	P00091	view	电子产品	179
2026-07-13 21:50:26	U009519	P00095	view	服装	65
2026-07-12 03:24:59	U001666	P00121	favorite	电子产品	185
2026-07-13 09:27:56	U000112	手机	search	图书	221
2026-07-11 06:06:58	U004675	手机	search	家居	57
2026-07-14 18:23:32	U002552	P00487	view	服装	298
2026-07-15 00:34:55	U002158	P00125	click	食品	36
2026-07-14 21:50:24	U003526	P00009	click	美妆	43
2026-07-11 23:18:01	U005419	P00114	click	家居	195
2026-07-10 09:58:43	U008966	P00198	favorite	数码	299
2026-07-09 12:45:28	U003839	P00412	cart	美妆	94
2026-07-14 18:42:02	U006077	P00164	view	服装	257
2026-07-11 07:56:13	U003680	P00074	purchase	运动	8
2026-07-14 04:40:22	U002226	耳机	search	图书	153
2026-07-10 12:09:57	U002054	P00066	view	美妆	126
2026-07-10 12:48:46	U009836	P00100	cart	食品	71
2026-07-11 15:47:57	U007246	运动鞋	search	电子产品	134
2026-07-15 08:05:10	U003213	P00061	click	电子产品	55
2026-07-14 16:03:20	U001621	P00122	click	数码	238
2026-07-09 19:01:35	U006172	P00324	click	电子产品	219
2026-07-11 18:51:22	U004556	P00297	view	运动	280
2026-07-10 11:57:53	U007807	P00012	favorite	运动	288
2026-07-12 02:54:30	U005696	P00103	cart	图书	262
2026-07-12 01:04:52	U008318	P00015	click	服装	232
2026-07-11 02:47:51	U001545	P00242	view	家居	90
2026-07-14 17:32:49	U004225	P00057	cart	数码	4
2026-07-14 02:14:38	U003993	P00005	view	图书	50
2026-07-14 23:53:44	U003538	P00049	favorite	电子产品	34
2026-07-11 09:52:28	U002967	P00051	view	运动	131
2026-07-09 21:27:01	U008565	P00322	click	电子产品	8
2026-07-11 21:37:14	U002692	P00031	view	数码	240
2026-07-10 14:51:01	U003172	P00101	view	美妆	57
2026-07-11 12:42:22	U000343	P00188	view	电子产品	273
2026-07-08 23:59:58	U002556	连衣裙	search	图书	173
2026-07-12 09:58:14	U000299	P00005	click	数码	2
2026-07-09 17:13:45	U008528	手机	search	服装	125
2026-07-13 14:22:23	U004292	P00285	view	美妆	246
2026-07-08 13:40:12	U009055	P00437	cart	数码	106
2026-07-09 11:02:30	U004192	P00013	cart	数码	238
2026-07-11 19:51:30	U004704	耳机	search	美妆	182
2026-07-11 06:53:40	U009166	P00206	view	电子产品	249
2026-07-12 01:17:04	U008537	P00112	purchase	数码	220
2026-07-13 22:22:52	U006555	T恤	search	服装	97
2026-07-11 13:12:14	U006134	P00323	click	家居	300
2026-07-10 18:21:36	U001524	面膜	search	食品	32
2026-07-12 00:49:31	U001524	连衣裙	search	数码	119
2026-07-11 00:04:51	U002130	小说	search	食品	300
2026-07-14 00:35:44	U009196	P00201	view	家居	109
2026-07-14 09:20:39	U007871	P00008	cart	食品	275
2026-07-09 20:30:23	U008908	小说	search	数码	218
2026-07-09 05:10:02	U002286	P00209	view	家居	116
2026-07-13 13:50:56	U000023	运动鞋	search	家居	184
2026-07-12 15:32:42	U001918	P00422	view	电子产品	198
2026-07-10 20:01:58	U002277	台灯	search	家居	285
2026-07-09 10:10:57	U005364	P00466	cart	食品	57
2026-07-09 09:48:01	U004366	P00007	view	美妆	117
2026-07-10 14:09:16	U002906	P00104	click	食品	261
2026-07-13 15:50:04	U005146	P00167	view	美妆	259
2026-07-11 21:24:02	U005675	P00007	view	图书	121
2026-07-11 20:07:24	U006538	P00041	view	数码	217
2026-07-12 19:48:17	U001624	P00239	click	服装	268
2026-07-14 10:01:53	U008552	P00139	view	食品	229
2026-07-11 20:46:50	U004090	P00005	view	数码	129
2026-07-13 12:45:14	U002411	手机	search	家居	36
2026-07-09 21:14:11	U003151	P00191	click	电子产品	200
2026-07-08 19:25:19	U009430	P00418	view	服装	292
2026-07-13 22:43:32	U007772	P00042	view	图书	291
2026-07-11 22:20:29	U001487	P00146	view	图书	134
2026-07-09 19:53:17	U000573	P00103	cart	食品	195
2026-07-10 19:22:34	U006331	P00364	click	数码	113
2026-07-09 00:14:22	U008025	P00007	view	电子产品	105
2026-07-10 02:47:08	U005566	手机	search	服装	108
2026-07-13 19:45:45	U004150	笔记本	search	数码	60
2026-07-12 09:35:07	U009322	连衣裙	search	家居	197
2026-07-13 19:55:36	U002543	P00341	click	电子产品	296
2026-07-12 19:54:33	U002491	P00018	view	食品	143
2026-07-12 21:05:51	U003395	P00099	cart	服装	214
2026-07-13 00:41:23	U008153	P00110	purchase	家居	112
2026-07-09 06:23:32	U006011	P00122	view	运动	239
2026-07-08 17:24:47	U004673	P00311	cart	美妆	70
2026-07-08 23:41:56	U002711	P00264	view	食品	131
2026-07-13 10:51:05	U003078	P00024	click	家居	109
2026-07-13 03:46:29	U005759	P00431	click	美妆	281
2026-07-14 16:07:32	U005124	P00171	click	运动	237
2026-07-14 02:25:19	U005869	P00002	cart	电子产品	137
2026-07-08 11:21:10	U005388	P00312	cart	运动	65
2026-07-09 10:28:59	U008777	P00025	click	运动	300
2026-07-13 12:55:40	U008796	P00044	view	数码	184
2026-07-13 17:40:19	U008359	P00039	cart	服装	250
2026-07-14 08:03:34	U003560	手机	search	数码	125
2026-07-11 06:46:45	U006045	P00017	click	美妆	255
2026-07-15 02:45:42	U006933	P00365	view	图书	284
2026-07-12 15:35:41	U007068	P00330	view	服装	266
2026-07-11 21:44:08	U003605	运动鞋	search	电子产品	28
2026-07-10 02:25:30	U006008	P00423	view	电子产品	113
2026-07-13 23:18:00	U006977	充电宝	search	食品	20
2026-07-09 00:08:26	U004892	P00106	view	食品	201
2026-07-15 02:24:23	U000823	P00107	view	运动	172
2026-07-12 18:02:58	U001096	P00082	view	图书	217
2026-07-11 19:15:49	U002440	P00003	purchase	服装	207
2026-07-08 18:33:12	U008663	面膜	search	美妆	300
2026-07-12 09:32:17	U002911	P00252	view	电子产品	205
2026-07-12 01:16:19	U007186	P00031	view	电子产品	276
2026-07-12 01:01:31	U009275	P00085	click	数码	289
2026-07-10 18:56:42	U001337	P00011	favorite	电子产品	141
2026-07-13 19:55:56	U001095	P00023	view	数码	91
2026-07-13 19:06:05	U000921	P00242	click	服装	61
2026-07-14 02:23:11	U002633	运动鞋	search	运动	164
2026-07-10 01:10:10	U009848	P00001	cart	数码	71
2026-07-08 17:23:52	U002616	P00134	click	电子产品	199
2026-07-09 07:31:28	U004950	P00034	view	图书	113
2026-07-11 19:37:09	U003944	台灯	search	服装	205
2026-07-14 09:02:30	U001248	连衣裙	search	图书	89
2026-07-12 10:42:42	U008521	零食	search	图书	113
2026-07-10 13:27:40	U001852	P00358	purchase	图书	157
2026-07-09 03:55:27	U003164	P00266	purchase	图书	27
2026-07-08 12:27:45	U006658	P00008	view	家居	2
2026-07-10 04:30:07	U008359	P00379	favorite	家居	132
2026-07-10 03:53:53	U001640	P00331	view	图书	134
2026-07-12 19:07:37	U001612	P00263	favorite	美妆	14
2026-07-10 05:07:49	U003933	小说	search	服装	195
2026-07-09 15:33:05	U002715	P00102	view	图书	251
2026-07-09 00:02:28	U009918	P00409	cart	电子产品	36
2026-07-10 09:54:02	U005876	充电宝	search	家居	24
2026-07-12 22:39:45	U009105	P00359	favorite	食品	298
2026-07-13 18:58:26	U005143	P00024	click	家居	167
2026-07-11 01:23:12	U000540	P00074	click	运动	222
2026-07-14 01:31:02	U003124	P00054	view	数码	20
2026-07-14 21:06:48	U002932	笔记本	search	服装	63
2026-07-09 17:31:51	U004342	P00255	view	食品	265
2026-07-11 22:01:35	U009586	P00405	cart	电子产品	18
2026-07-10 14:45:53	U006417	P00356	click	数码	128
2026-07-10 11:17:50	U002795	P00023	view	电子产品	228
2026-07-15 10:02:19	U002796	P00122	view	图书	192
2026-07-11 09:40:44	U008315	P00144	view	服装	11
2026-07-14 23:27:56	U000586	P00036	purchase	运动	100
2026-07-12 09:57:39	U008602	P00303	click	数码	127
2026-07-09 19:10:24	U002061	P00011	click	服装	3
2026-07-08 13:13:18	U002388	P00007	cart	图书	266
2026-07-09 01:51:27	U008467	面膜	search	食品	82
2026-07-14 07:19:51	U004615	P00383	view	服装	25
2026-07-09 08:59:04	U008424	P00194	cart	图书	115
2026-07-12 08:38:22	U006342	P00165	view	数码	291
2026-07-11 06:52:31	U007045	充电宝	search	美妆	241
2026-07-09 12:14:50	U000880	P00027	favorite	运动	231
2026-07-09 16:17:56	U000219	P00448	click	食品	174
2026-07-13 09:26:58	U001818	P00142	click	图书	246
2026-07-10 01:28:32	U004523	充电宝	search	数码	266
2026-07-08 19:39:16	U002016	P00498	click	数码	119
2026-07-15 07:56:48	U009898	P00181	click	运动	249
2026-07-10 16:43:07	U008503	P00117	view	家居	4
2026-07-13 08:44:35	U008333	P00431	view	服装	105
2026-07-10 19:10:53	U008022	P00007	view	数码	6
2026-07-13 14:24:50	U000756	P00005	view	美妆	258
2026-07-12 09:19:32	U002090	台灯	search	服装	56
2026-07-11 08:15:49	U005157	P00003	view	美妆	247
2026-07-13 22:32:31	U004058	P00313	view	电子产品	187
2026-07-10 23:50:48	U001497	P00065	click	家居	179
2026-07-15 02:06:37	U001877	P00072	view	家居	129
2026-07-12 08:40:43	U000366	T恤	search	电子产品	43
2026-07-12 04:33:36	U005239	P00128	view	服装	114
2026-07-08 19:26:39	U004130	P00298	view	运动	220
2026-07-09 19:45:21	U001622	P00013	click	美妆	106
2026-07-14 06:29:00	U008728	面膜	search	数码	197
2026-07-10 07:14:54	U008919	P00032	click	运动	111
2026-07-10 03:09:15	U005861	P00032	click	运动	299
2026-07-11 04:10:45	U008624	P00080	cart	运动	22
2026-07-11 09:19:22	U002882	P00013	click	服装	55
2026-07-14 07:04:26	U000370	P00001	click	数码	298
2026-07-10 07:28:53	U000877	连衣裙	search	电子产品	79
2026-07-12 03:10:25	U002749	P00483	view	电子产品	275
2026-07-15 06:44:32	U000611	P00182	view	食品	123
2026-07-14 19:56:02	U002577	P00064	view	家居	191
2026-07-09 08:02:45	U001716	P00036	view	食品	15
2026-07-13 20:16:45	U000681	P00009	view	食品	196
2026-07-13 09:40:01	U006760	P00074	purchase	美妆	240
2026-07-15 08:48:32	U001324	P00179	cart	数码	219
2026-07-10 00:06:07	U005300	P00130	view	食品	268
2026-07-08 20:21:20	U007106	P00067	view	电子产品	189
2026-07-08 19:07:52	U000034	P00393	click	美妆	26
2026-07-15 07:32:10	U001601	P00058	click	食品	19
2026-07-15 02:20:53	U004377	P00073	view	家居	159
2026-07-09 03:48:42	U005789	连衣裙	search	家居	285
2026-07-14 09:28:17	U000514	P00104	view	美妆	43
2026-07-12 18:07:51	U000722	P00420	view	电子产品	162
2026-07-11 15:18:34	U003349	P00205	click	家居	27
2026-07-12 23:31:05	U009313	P00070	cart	家居	176
2026-07-11 18:14:04	U006571	P00081	view	运动	145
2026-07-12 14:45:29	U007153	P00324	view	运动	183
2026-07-10 00:29:14	U001528	P00019	click	服装	241
2026-07-11 02:22:58	U009958	P00418	view	家居	241
2026-07-14 11:50:05	U006317	P00102	click	运动	30
2026-07-13 03:56:44	U000836	P00168	view	家居	129
2026-07-13 09:18:31	U002431	P00425	view	图书	79
2026-07-13 08:25:17	U009670	运动鞋	search	美妆	18
2026-07-10 06:08:20	U003466	P00419	view	家居	92
2026-07-09 21:09:52	U002391	P00011	view	美妆	24
2026-07-08 16:52:58	U009172	P00135	view	家居	224
2026-07-14 00:44:13	U009722	零食	search	食品	188
2026-07-14 01:26:45	U006439	连衣裙	search	运动	133
2026-07-15 04:12:11	U006527	P00001	favorite	数码	205
2026-07-08 20:53:45	U007402	P00289	view	服装	239
2026-07-12 04:05:37	U004718	P00315	view	图书	279
2026-07-09 22:58:31	U003904	P00250	purchase	电子产品	169
2026-07-09 16:36:27	U009591	笔记本	search	图书	39
2026-07-13 08:53:58	U000825	P00334	view	数码	18
2026-07-08 14:08:30	U004023	P00180	view	运动	171
2026-07-10 02:05:50	U001148	P00017	click	电子产品	26
2026-07-14 03:05:32	U004822	小说	search	美妆	159
2026-07-10 09:56:17	U008454	P00165	view	食品	163
2026-07-13 21:43:12	U007739	P00020	view	服装	165
2026-07-15 05:57:06	U005284	P00323	view	家居	63
2026-07-14 15:42:32	U000083	P00207	view	家居	13
2026-07-15 07:48:55	U001051	P00099	click	家居	50
2026-07-10 16:14:16	U002724	P00219	view	图书	266
2026-07-12 10:34:28	U003332	P00254	cart	图书	12
2026-07-14 23:31:51	U004812	P00439	view	食品	157
2026-07-11 03:10:54	U008384	P00225	favorite	电子产品	284
2026-07-13 19:37:19	U009186	P00305	click	服装	108
2026-07-09 10:41:48	U004483	P00010	purchase	数码	122
2026-07-09 07:59:51	U002351	P00205	click	电子产品	246
2026-07-12 17:06:03	U006986	笔记本	search	数码	247
2026-07-08 23:12:58	U005662	P00046	view	美妆	10
2026-07-10 23:53:32	U006101	P00011	cart	运动	285
2026-07-13 19:15:59	U009096	P00432	view	服装	5
2026-07-10 10:13:28	U007605	P00002	click	服装	219
2026-07-13 09:08:52	U007257	P00265	view	数码	96
2026-07-08 19:39:06	U007334	P00008	favorite	图书	107
2026-07-15 01:09:30	U002588	P00145	view	家居	203
2026-07-14 05:53:10	U001650	连衣裙	search	美妆	207
2026-07-08 14:36:30	U008768	P00258	view	食品	230
2026-07-14 00:29:31	U009937	P00330	view	运动	43
2026-07-09 05:26:24	U005727	P00225	click	美妆	154
2026-07-13 13:09:31	U005360	P00071	click	数码	142
2026-07-08 19:47:25	U007515	P00094	click	服装	38
2026-07-09 17:55:08	U007052	P00096	view	图书	3
2026-07-09 07:14:26	U003564	P00280	view	电子产品	297
2026-07-15 00:25:03	U009997	P00010	view	图书	29
2026-07-12 08:13:38	U009292	P00246	click	食品	273
2026-07-14 00:54:01	U001366	P00114	view	数码	81
2026-07-10 09:20:29	U005313	P00002	click	食品	52
2026-07-09 17:29:40	U003192	P00051	cart	服装	143
2026-07-13 21:04:40	U003694	P00210	view	家居	178
2026-07-11 16:49:51	U002717	P00126	view	电子产品	206
2026-07-12 00:06:46	U003570	面膜	search	运动	285
2026-07-09 08:53:32	U008650	小说	search	美妆	95
2026-07-09 04:05:27	U003776	P00424	view	食品	249
2026-07-15 01:54:34	U005690	P00118	view	数码	262
2026-07-14 14:54:41	U000955	P00240	cart	运动	81
2026-07-14 12:02:20	U004749	P00456	click	数码	263
2026-07-14 10:24:54	U001181	P00064	view	美妆	170
2026-07-13 20:25:19	U002468	台灯	search	运动	11
2026-07-08 19:05:56	U004285	P00023	view	图书	107
2026-07-14 22:09:15	U001382	笔记本	search	食品	103
2026-07-11 13:52:35	U005560	P00219	view	服装	210
2026-07-10 14:05:59	U004488	P00210	view	美妆	186
2026-07-15 02:37:30	U002632	瑜伽垫	search	服装	117
2026-07-12 17:39:52	U008801	P00001	purchase	数码	293
2026-07-13 13:11:14	U000904	P00042	cart	家居	92
2026-07-10 05:18:09	U003763	P00036	click	电子产品	30
2026-07-10 12:05:24	U005891	P00198	view	家居	245
2026-07-14 17:08:56	U006754	P00209	view	图书	101
2026-07-08 16:40:07	U004268	P00002	purchase	数码	64
2026-07-08 12:04:13	U009135	P00135	click	服装	200
2026-07-09 12:46:49	U001328	P00210	view	数码	218
2026-07-10 01:29:31	U006014	手机	search	运动	62
2026-07-12 01:15:01	U001103	P00017	view	美妆	176
2026-07-14 08:17:24	U002779	P00047	click	服装	268
2026-07-14 15:40:34	U004663	P00008	cart	运动	278
2026-07-15 10:21:24	U004252	耳机	search	电子产品	258
2026-07-08 20:26:41	U003304	P00336	purchase	图书	41
2026-07-15 09:35:05	U007284	P00434	cart	家居	76
2026-07-13 12:22:20	U004357	P00060	click	电子产品	203
2026-07-11 22:44:49	U004529	P00093	favorite	家居	51
2026-07-11 15:26:11	U007838	P00006	purchase	运动	300
2026-07-09 04:14:39	U008161	P00497	click	图书	85
2026-07-12 07:09:06	U006008	P00003	view	美妆	62
2026-07-10 11:33:02	U007341	P00203	view	服装	193
2026-07-12 18:39:40	U002167	P00103	click	食品	222
2026-07-15 10:58:50	U001388	瑜伽垫	search	美妆	184
2026-07-14 06:03:58	U002901	P00309	cart	数码	166
2026-07-12 03:20:58	U008981	P00291	view	运动	228
2026-07-14 21:39:58	U004127	P00374	view	电子产品	156
2026-07-08 13:38:08	U004260	P00068	view	服装	64
2026-07-13 07:29:41	U009144	P00039	click	美妆	103
2026-07-15 03:13:04	U007261	运动鞋	search	食品	131
2026-07-14 21:11:21	U009186	P00186	view	美妆	93
2026-07-11 01:00:10	U003295	P00001	view	服装	152
2026-07-14 13:30:37	U000322	P00120	click	美妆	21
2026-07-10 23:13:17	U006776	P00036	view	服装	188
2026-07-09 20:21:45	U003668	面膜	search	服装	49
2026-07-12 17:36:25	U003989	P00034	view	美妆	300
2026-07-09 06:11:22	U003023	P00016	view	数码	93
2026-07-11 10:38:03	U004952	P00424	purchase	电子产品	47
2026-07-12 14:03:56	U006079	P00002	view	服装	198
2026-07-13 23:10:07	U005682	P00009	click	数码	294
2026-07-09 16:31:36	U000378	P00144	view	数码	161
2026-07-10 08:16:36	U006319	P00041	view	图书	155
2026-07-09 12:49:29	U005465	P00360	cart	服装	9
2026-07-09 01:52:57	U008080	P00228	view	服装	290
2026-07-13 03:13:51	U005614	笔记本	search	图书	281
2026-07-08 23:04:54	U008830	P00149	view	图书	156
2026-07-15 02:14:03	U008104	P00362	view	食品	49
2026-07-12 23:45:40	U002470	P00102	view	家居	179
2026-07-12 18:14:27	U008722	P00036	view	食品	233
2026-07-09 00:28:53	U002890	P00002	click	数码	73
2026-07-13 04:05:14	U008111	P00063	cart	食品	56
2026-07-09 10:20:14	U008774	P00411	click	服装	3
2026-07-10 00:29:21	U004731	P00234	view	电子产品	57
2026-07-14 22:50:48	U001992	P00123	click	服装	179
2026-07-13 06:33:09	U007869	P00341	purchase	食品	247
2026-07-11 22:48:21	U005767	P00059	view	家居	112
2026-07-11 02:18:29	U009845	P00216	favorite	数码	142
2026-07-12 19:13:19	U005270	手机	search	服装	57
2026-07-12 05:18:15	U005511	P00006	view	图书	39
2026-07-10 22:46:12	U002926	P00130	click	图书	16
2026-07-11 22:51:44	U002827	P00177	view	图书	240
2026-07-09 22:07:38	U009945	P00269	click	美妆	57
2026-07-13 17:22:27	U008409	P00035	click	服装	24
2026-07-15 10:39:47	U003242	P00017	cart	美妆	157
2026-07-14 14:58:23	U002096	P00115	view	服装	125
2026-07-10 13:21:52	U004081	充电宝	search	数码	226
2026-07-10 16:01:41	U009432	P00028	view	电子产品	187
2026-07-11 16:52:42	U009840	P00006	view	服装	230
2026-07-14 19:55:59	U009912	P00336	purchase	运动	67
2026-07-10 11:54:09	U005189	P00209	purchase	图书	150
2026-07-14 07:54:40	U006383	P00070	purchase	家居	70
2026-07-12 08:22:17	U009684	P00012	view	图书	102
2026-07-14 10:33:30	U005714	连衣裙	search	数码	244
2026-07-12 04:53:22	U001823	P00095	view	服装	203
2026-07-10 09:25:06	U001521	P00149	click	图书	87
2026-07-13 14:49:12	U004859	P00077	view	家居	24
2026-07-09 00:29:04	U005772	P00376	click	电子产品	182
2026-07-10 16:05:16	U001599	P00269	click	数码	275
2026-07-10 16:55:41	U005855	充电宝	search	图书	207
2026-07-15 02:13:18	U003956	P00037	view	服装	20
2026-07-15 00:44:23	U005719	P00059	view	美妆	48
2026-07-12 21:32:43	U005645	P00153	click	图书	267
2026-07-11 02:12:36	U000679	P00447	view	图书	119
2026-07-11 05:24:30	U004245	P00049	click	美妆	258
2026-07-13 13:58:59	U007015	P00411	click	食品	144
2026-07-15 01:00:30	U004293	P00410	click	数码	205
2026-07-12 19:37:58	U009977	P00394	view	图书	193
2026-07-12 07:36:09	U003320	P00295	view	图书	24
2026-07-14 13:27:20	U004054	P00128	click	食品	200
2026-07-09 19:24:07	U004315	充电宝	search	家居	233
2026-07-13 16:27:49	U000009	P00045	cart	运动	258
2026-07-10 13:14:58	U003222	P00310	view	图书	267
2026-07-09 20:31:36	U006823	P00364	view	家居	252
2026-07-13 12:37:21	U006357	P00106	cart	家居	8
2026-07-12 10:53:40	U000377	P00497	view	运动	206
2026-07-10 02:45:05	U004673	P00001	view	家居	230
2026-07-15 01:28:08	U003134	P00460	view	电子产品	265
2026-07-13 07:16:40	U004835	P00078	view	电子产品	44
2026-07-15 10:00:21	U006407	P00041	cart	图书	70
2026-07-11 02:31:01	U001079	P00005	view	图书	154
2026-07-08 23:07:26	U005876	P00060	cart	图书	68
2026-07-09 15:48:33	U000156	P00426	click	服装	24
2026-07-12 03:33:57	U007063	P00455	cart	数码	185
2026-07-14 15:38:24	U002093	P00043	cart	数码	199
2026-07-11 04:19:01	U008548	P00332	click	电子产品	158
2026-07-14 15:51:40	U000176	P00044	view	家居	186
2026-07-14 15:20:14	U004759	P00334	click	图书	275
2026-07-09 04:32:28	U001766	P00405	view	家居	159
2026-07-13 11:04:59	U009665	P00226	click	电子产品	131
2026-07-09 18:37:40	U003410	P00005	purchase	美妆	253
2026-07-11 21:09:53	U003345	P00143	view	运动	32
2026-07-13 03:57:17	U008880	P00130	cart	服装	255
2026-07-14 21:26:54	U003897	P00061	view	服装	131
2026-07-10 21:18:22	U008945	P00131	view	食品	108
2026-07-12 14:03:23	U006022	P00345	click	家居	108
2026-07-11 09:13:33	U006030	P00357	view	美妆	252
2026-07-09 13:35:14	U001763	小说	search	家居	280
2026-07-11 03:53:43	U007674	P00144	cart	数码	66
2026-07-14 09:45:12	U007859	P00304	view	美妆	279
2026-07-10 08:58:27	U000329	P00146	view	家居	299
2026-07-13 02:16:51	U007396	P00186	favorite	运动	33
2026-07-13 16:50:04	U008811	P00349	click	服装	235
2026-07-09 17:08:28	U009871	P00070	view	美妆	280
2026-07-11 01:30:29	U000690	P00009	cart	运动	67
2026-07-10 17:50:16	U007870	P00073	click	家居	25
2026-07-11 05:59:30	U007880	P00120	purchase	美妆	196
2026-07-13 10:26:57	U006572	P00065	click	图书	287
2026-07-09 08:34:30	U006320	P00072	view	图书	98
2026-07-11 14:48:11	U000728	P00012	cart	美妆	137
2026-07-12 14:24:17	U004603	P00127	view	家居	147
2026-07-15 09:27:08	U004031	P00037	view	家居	72
2026-07-09 17:37:08	U005461	P00129	click	家居	98
2026-07-09 04:26:35	U001526	P00406	purchase	图书	217
2026-07-13 05:50:00	U004395	运动鞋	search	家居	199
2026-07-14 22:42:22	U009295	P00378	view	食品	51
2026-07-11 18:29:18	U006398	P00092	purchase	食品	41
2026-07-12 00:41:54	U002505	P00080	click	食品	145
2026-07-12 01:52:52	U006551	P00222	view	服装	98
2026-07-08 21:26:31	U001488	P00072	view	食品	136
2026-07-08 14:56:58	U003794	P00045	view	运动	145
2026-07-09 09:36:18	U002141	P00499	view	服装	2
2026-07-10 11:33:06	U003978	运动鞋	search	食品	59
2026-07-12 22:59:43	U000581	P00015	click	家居	138
2026-07-09 12:47:42	U002603	P00088	view	食品	197
2026-07-14 07:33:46	U004252	P00043	view	运动	218
2026-07-13 14:47:55	U006473	耳机	search	美妆	274
2026-07-08 12:51:19	U002546	P00283	click	运动	197
2026-07-12 11:38:29	U006359	P00014	favorite	食品	254
2026-07-10 12:05:30	U009560	P00085	cart	图书	243
2026-07-11 01:25:17	U005913	P00262	click	美妆	180
2026-07-12 08:52:27	U005179	P00098	click	美妆	119
2026-07-09 09:04:30	U001745	P00367	view	食品	286
2026-07-12 04:07:22	U003085	台灯	search	运动	221
2026-07-14 18:45:51	U002285	P00001	purchase	食品	297
2026-07-09 13:39:59	U008387	P00009	view	服装	208
2026-07-10 03:30:35	U007308	P00065	view	电子产品	280
2026-07-10 00:31:16	U001978	面膜	search	数码	229
2026-07-14 08:31:17	U007410	P00075	favorite	图书	125
2026-07-11 01:14:42	U005210	T恤	search	食品	132
2026-07-12 23:41:10	U000754	P00175	favorite	图书	235
2026-07-13 09:40:39	U005137	P00032	click	电子产品	198
2026-07-10 08:58:49	U005729	P00224	view	家居	114
2026-07-09 12:39:55	U006554	P00038	click	电子产品	66
2026-07-13 00:44:58	U006649	P00275	view	家居	9
2026-07-09 15:13:43	U005016	P00012	click	食品	132
2026-07-10 22:41:48	U001459	P00156	view	数码	1
2026-07-14 02:04:46	U002273	P00175	click	家居	121
2026-07-09 23:07:30	U001632	P00003	view	美妆	152
2026-07-13 15:07:04	U006885	P00009	click	美妆	274
2026-07-13 19:50:43	U007049	T恤	search	服装	293
2026-07-12 05:55:35	U006011	P00098	favorite	家居	29
2026-07-14 12:14:40	U003338	P00394	view	食品	116
2026-07-12 15:20:16	U006994	P00373	view	服装	28
2026-07-10 11:02:11	U009296	P00061	view	美妆	291
2026-07-11 22:46:29	U004958	P00273	click	图书	265
2026-07-12 07:47:12	U006138	手机	search	图书	70
2026-07-10 02:51:03	U006072	P00082	purchase	运动	51
2026-07-08 20:12:37	U005627	P00041	view	家居	37
2026-07-13 16:31:30	U005337	P00113	click	美妆	265
2026-07-12 05:06:54	U008294	小说	search	图书	209
2026-07-13 20:14:32	U009640	台灯	search	电子产品	107
2026-07-10 02:15:52	U006472	P00347	click	美妆	101
2026-07-10 00:41:18	U004122	面膜	search	数码	228
2026-07-09 14:51:10	U003972	P00263	cart	电子产品	201
2026-07-14 00:40:16	U007306	面膜	search	图书	221
2026-07-14 08:31:54	U003314	P00030	cart	美妆	133
2026-07-13 05:47:37	U009482	P00132	view	服装	284
2026-07-13 00:15:58	U009435	P00029	click	运动	122
2026-07-11 15:48:25	U009750	P00033	cart	美妆	71
2026-07-10 16:34:04	U000752	P00091	view	食品	95
2026-07-12 02:43:25	U000576	P00037	click	电子产品	169
2026-07-14 13:53:03	U005200	P00277	view	美妆	257
